Using pre-set license
Built from '2021.3/staging' branch; Version is '2021.3.7f1 (24e8595d6d43) revision 2418777'; Using compiler version '192829333'; Build Type 'Release'
OS: 'Windows 10  (10.0.19044) 64bit Professional' Language: 'en' Physical Memory: 65263 MB
BatchMode: 1, IsHumanControllingUs: 0, StartBugReporterOnCrash: 0, Is64bit: 1, IsPro: 1

COMMAND LINE ARGUMENTS:
C:\Program Files\Unity\Hub\Editor\2021.3.7f1\Editor\Unity.exe
-adb2
-batchMode
-noUpm
-name
AssetImportWorker0
-projectPath
C:/Users/mtexel13/Documents/GitHub/RollBallGame
-logFile
Logs/AssetImportWorker0.log
-srvPort
57263
Successfully changed project path to: C:/Users/mtexel13/Documents/GitHub/RollBallGame
C:/Users/mtexel13/Documents/GitHub/RollBallGame
[UnityMemory] Configuration Parameters - Can be set up in boot.config
    "memorysetup-bucket-allocator-granularity=16"
    "memorysetup-bucket-allocator-bucket-count=8"
    "memorysetup-bucket-allocator-block-size=33554432"
    "memorysetup-bucket-allocator-block-count=8"
    "memorysetup-main-allocator-block-size=16777216"
    "memorysetup-thread-allocator-block-size=16777216"
    "memorysetup-gfx-main-allocator-block-size=16777216"
    "memorysetup-gfx-thread-allocator-block-size=16777216"
    "memorysetup-cache-allocator-block-size=4194304"
    "memorysetup-typetree-allocator-block-size=2097152"
    "memorysetup-profiler-bucket-allocator-granularity=16"
    "memorysetup-profiler-bucket-allocator-bucket-count=8"
    "memorysetup-profiler-bucket-allocator-block-size=33554432"
    "memorysetup-profiler-bucket-allocator-block-count=8"
    "memorysetup-profiler-allocator-block-size=16777216"
    "memorysetup-profiler-editor-allocator-block-size=1048576"
    "memorysetup-temp-allocator-size-main=16777216"
    "memorysetup-job-temp-allocator-block-size=2097152"
    "memorysetup-job-temp-allocator-block-size-background=1048576"
    "memorysetup-job-temp-allocator-reduction-small-platforms=262144"
    "memorysetup-temp-allocator-size-background-worker=32768"
    "memorysetup-temp-allocator-size-job-worker=262144"
    "memorysetup-temp-allocator-size-preload-manager=33554432"
    "memorysetup-temp-allocator-size-nav-mesh-worker=65536"
    "memorysetup-temp-allocator-size-audio-worker=65536"
    "memorysetup-temp-allocator-size-cloud-worker=32768"
    "memorysetup-temp-allocator-size-gi-baking-worker=262144"
    "memorysetup-temp-allocator-size-gfx=262144"
Refreshing native plugins compatible for Editor in 101.76 ms, found 6 plugins.
Preloading 0 native plugins for Editor in 0.00 ms.
Initialize engine version: 2021.3.7f1 (24e8595d6d43)
[Subsystems] Discovering subsystems at path C:/Program Files/Unity/Hub/Editor/2021.3.7f1/Editor/Data/Resources/UnitySubsystems
[Subsystems] Discovering subsystems at path C:/Users/mtexel13/Documents/GitHub/RollBallGame/Assets
GfxDevice: creating device client; threaded=0; jobified=0
Direct3D:
    Version:  Direct3D 11.0 [level 11.1]
    Renderer: NVIDIA GeForce RTX 2080 Ti (ID=0x1e04)
    Vendor:   NVIDIA
    VRAM:     11041 MB
    Driver:   31.0.15.2802
Initialize mono
Mono path[0] = 'C:/Program Files/Unity/Hub/Editor/2021.3.7f1/Editor/Data/Managed'
Mono path[1] = 'C:/Program Files/Unity/Hub/Editor/2021.3.7f1/Editor/Data/MonoBleedingEdge/lib/mono/unityjit-win32'
Mono config path = 'C:/Program Files/Unity/Hub/Editor/2021.3.7f1/Editor/Data/MonoBleedingEdge/etc'
Using monoOptions --debugger-agent=transport=dt_socket,embedding=1,server=y,suspend=n,address=127.0.0.1:56828
Begin MonoManager ReloadAssembly
Registering precompiled unity dll's ...
Register platform support module: C:/Program Files/Unity/Hub/Editor/2021.3.7f1/Editor/Data/PlaybackEngines/WindowsStandaloneSupport/UnityEditor.WindowsStandalone.Extensions.dll
Registered in 0.009044 seconds.
Native extension for WindowsStandalone target not found
Refreshing native plugins compatible for Editor in 90.99 ms, found 6 plugins.
Preloading 0 native plugins for Editor in 0.00 ms.
Mono: successfully reloaded assembly
- Completed reload, in  0.661 seconds
Domain Reload Profiling:
	ReloadAssembly (661ms)
		BeginReloadAssembly (82ms)
			ExecutionOrderSort (0ms)
			DisableScriptedObjects (0ms)
			BackupInstance (0ms)
			ReleaseScriptingObjects (0ms)
			CreateAndSetChildDomain (1ms)
		EndReloadAssembly (463ms)
			LoadAssemblies (79ms)
			RebuildTransferFunctionScriptingTraits (0ms)
			SetupTypeCache (98ms)
			ReleaseScriptCaches (0ms)
			RebuildScriptCaches (27ms)
			SetupLoadedEditorAssemblies (287ms)
				LogAssemblyErrors (0ms)
				InitializePlatformSupportModulesInManaged (8ms)
				SetLoadedEditorAssemblies (0ms)
				RefreshPlugins (91ms)
				BeforeProcessingInitializeOnLoad (1ms)
				ProcessInitializeOnLoadAttributes (133ms)
				ProcessInitializeOnLoadMethodAttributes (53ms)
				AfterProcessingInitializeOnLoad (0ms)
				EditorAssembliesLoaded (0ms)
			ExecutionOrderSort2 (0ms)
			AwakeInstancesAfterBackupRestoration (0ms)
Platform modules already initialized, skipping
Registering precompiled user dll's ...
Registered in 0.010988 seconds.
Begin MonoManager ReloadAssembly
Symbol file LoadedFromMemory doesn't match image C:\Users\mtexel13\Documents\GitHub\RollBallGame\Library\PackageCache\com.unity.visualscripting@1.7.8\Editor\VisualScripting.Core\Dependencies\YamlDotNet\Unity.VisualScripting.YamlDotNet.dll
Symbol file LoadedFromMemory doesn't match image C:\Users\mtexel13\Documents\GitHub\RollBallGame\Library\PackageCache\com.unity.visualscripting@1.7.8\Editor\VisualScripting.Core\Dependencies\DotNetZip\Unity.VisualScripting.IonicZip.dll
Native extension for WindowsStandalone target not found
Refreshing native plugins compatible for Editor in 92.51 ms, found 6 plugins.
Preloading 0 native plugins for Editor in 0.00 ms.
Package Manager log level set to [2]
Mono: successfully reloaded assembly
- Completed reload, in  1.262 seconds
Domain Reload Profiling:
	ReloadAssembly (1263ms)
		BeginReloadAssembly (119ms)
			ExecutionOrderSort (0ms)
			DisableScriptedObjects (6ms)
			BackupInstance (0ms)
			ReleaseScriptingObjects (0ms)
			CreateAndSetChildDomain (23ms)
		EndReloadAssembly (1027ms)
			LoadAssemblies (99ms)
			RebuildTransferFunctionScriptingTraits (0ms)
			SetupTypeCache (290ms)
			ReleaseScriptCaches (1ms)
			RebuildScriptCaches (52ms)
			SetupLoadedEditorAssemblies (534ms)
				LogAssemblyErrors (0ms)
				InitializePlatformSupportModulesInManaged (5ms)
				SetLoadedEditorAssemblies (0ms)
				RefreshPlugins (93ms)
				BeforeProcessingInitializeOnLoad (110ms)
				ProcessInitializeOnLoadAttributes (291ms)
				ProcessInitializeOnLoadMethodAttributes (23ms)
				AfterProcessingInitializeOnLoad (11ms)
				EditorAssembliesLoaded (0ms)
			ExecutionOrderSort2 (0ms)
			AwakeInstancesAfterBackupRestoration (14ms)
Platform modules already initialized, skipping
========================================================================
Worker process is ready to serve import requests
Launched and connected shader compiler UnityShaderCompiler.exe after 0.06 seconds
Refreshing native plugins compatible for Editor in 0.90 ms, found 6 plugins.
Preloading 0 native plugins for Editor in 0.00 ms.
Unloading 4044 Unused Serialized files (Serialized files now loaded: 0)
Unloading 33 unused Assets / (111.5 KB). Loaded Objects now: 4502.
Memory consumption went from 144.0 MB to 143.9 MB.
Total: 3.952600 ms (FindLiveObjects: 0.400500 ms CreateObjectMapping: 0.239300 ms MarkObjects: 3.191800 ms  DeleteObjects: 0.120100 ms)

AssetImportParameters requested are different than current active one (requested -> active):
  colorSpace: 1 -> 0
  custom:video-decoder-ogg-theora: a1e56fd34408186e4bbccfd4996cb3dc -> 
  custom:container-muxer-webm: aa71ff27fc2769a1b78a27578f13a17b -> 
  custom:container-demuxer-webm: 4f35f7cbe854078d1ac9338744f61a02 -> 
  custom:video-encoder-webm-vp8: eb34c28f22e8b96e1ab97ce403110664 -> 
  custom:audio-encoder-webm-vorbis: bf7c407c2cedff20999df2af8eb42d56 -> 
  custom:framework-win-MediaFoundation: 216162199b28c13a410421893ffa2e32 -> 
  custom:container-demuxer-ogg: 62fdf1f143b41e24485cea50d1cbac27 -> 
  custom:video-decoder-webm-vp8: 9c59270c3fd7afecdb556c50c9e8de78 -> 
  custom:graphics/active-color-space: 03000000000000000000000000000000 -> 02000000000000000000000000000000
  custom:audio-decoder-ogg-vorbis: bf7c407c2cedff20999df2af8eb42d56 -> 
========================================================================
Received Import Request.
  Time since last request: 1066848.104830 seconds.
  path: Assets/SteamVR_Input/SteamVR_Actions.asmdef
  artifactKey: Guid(6917a083351768444b93cef74eb2ab92) Importer(815301076,1909f56bfc062723c751e8b465ee728b)
Start importing Assets/SteamVR_Input/SteamVR_Actions.asmdef using Guid(6917a083351768444b93cef74eb2ab92) Importer(815301076,1909f56bfc062723c751e8b465ee728b)  -> (artifact id: '8842af41fc663132fec3d2558c6b8d80') in 0.034065 seconds 
========================================================================
Received Import Request.
  Time since last request: 0.000030 seconds.
  path: Assets/SteamVR_Input
  artifactKey: Guid(3d2aff8129a613d4bb6e653835240cc0) Importer(815301076,1909f56bfc062723c751e8b465ee728b)
Start importing Assets/SteamVR_Input using Guid(3d2aff8129a613d4bb6e653835240cc0) Importer(815301076,1909f56bfc062723c751e8b465ee728b)  -> (artifact id: '8c7c1a8dbaa89c683daec596b9cf8ac9') in 0.002344 seconds 
========================================================================
Received Import Request.
  Time since last request: 0.315848 seconds.
  path: Assets/SteamVR_Input/ActionSetClasses
  artifactKey: Guid(bde3c263276584648bec5d23b5d3e653) Importer(815301076,1909f56bfc062723c751e8b465ee728b)
Start importing Assets/SteamVR_Input/ActionSetClasses using Guid(bde3c263276584648bec5d23b5d3e653) Importer(815301076,1909f56bfc062723c751e8b465ee728b)  -> (artifact id: '4a01d2412afa441fc7c2bc75a789741c') in 0.002494 seconds 
========================================================================
Received Import Request.
  Time since last request: 0.897038 seconds.
  path: Assets/SteamVR_Input/ActionSetClasses/SteamVR_Input_ActionSet_default.cs
  artifactKey: Guid(6c1d3aba5f78b4147a6d3eccdcd29a4c) Importer(815301076,1909f56bfc062723c751e8b465ee728b)
Start importing Assets/SteamVR_Input/ActionSetClasses/SteamVR_Input_ActionSet_default.cs using Guid(6c1d3aba5f78b4147a6d3eccdcd29a4c) Importer(815301076,1909f56bfc062723c751e8b465ee728b)  -> (artifact id: '691a8a888e7f27fb54913de22d2bf63d') in 0.007356 seconds 
========================================================================
Received Import Request.
  Time since last request: 1.746025 seconds.
  path: Assets/SteamVR_Input/ActionSetClasses/SteamVR_Input_ActionSet_buggy.cs
  artifactKey: Guid(c117f8b08c73a3f4ebec04b5029e07ff) Importer(815301076,1909f56bfc062723c751e8b465ee728b)
Start importing Assets/SteamVR_Input/ActionSetClasses/SteamVR_Input_ActionSet_buggy.cs using Guid(c117f8b08c73a3f4ebec04b5029e07ff) Importer(815301076,1909f56bfc062723c751e8b465ee728b)  -> (artifact id: '7fbc798286037abcc01a57cfc44567bd') in 0.002474 seconds 
========================================================================
Received Import Request.
  Time since last request: 1.701547 seconds.
  path: Assets/SteamVR_Input/ActionSetClasses/SteamVR_Input_ActionSet_mixedreality.cs
  artifactKey: Guid(c7c0acc7d3f813f449e1d036ba7b233a) Importer(815301076,1909f56bfc062723c751e8b465ee728b)
Start importing Assets/SteamVR_Input/ActionSetClasses/SteamVR_Input_ActionSet_mixedreality.cs using Guid(c7c0acc7d3f813f449e1d036ba7b233a) Importer(815301076,1909f56bfc062723c751e8b465ee728b)  -> (artifact id: 'ec236357c36fec84d9bc9d0d3cdbe98d') in 0.002606 seconds 
========================================================================
Received Import Request.
  Time since last request: 1.293011 seconds.
  path: Assets/SteamVR_Input/SteamVR_Input_ActionSets.cs
  artifactKey: Guid(69820fbdec7834d40809f8344a19075e) Importer(815301076,1909f56bfc062723c751e8b465ee728b)
Start importing Assets/SteamVR_Input/SteamVR_Input_ActionSets.cs using Guid(69820fbdec7834d40809f8344a19075e) Importer(815301076,1909f56bfc062723c751e8b465ee728b)  -> (artifact id: '595d42bdfb982c75e12fece2a7c3d47a') in 0.002440 seconds 
========================================================================
Received Import Request.
  Time since last request: 1.063538 seconds.
  path: Assets/SteamVR_Input/SteamVR_Input_Initialization.cs
  artifactKey: Guid(e5f16ec9f65aaa14d961c4f183ad41fd) Importer(815301076,1909f56bfc062723c751e8b465ee728b)
Start importing Assets/SteamVR_Input/SteamVR_Input_Initialization.cs using Guid(e5f16ec9f65aaa14d961c4f183ad41fd) Importer(815301076,1909f56bfc062723c751e8b465ee728b)  -> (artifact id: '70a915a30cd61ac320fccc86d0400ee8') in 0.002620 seconds 
========================================================================
Received Import Request.
  Time since last request: 24.282599 seconds.
  path: Assets/SteamVR_Input/ActionSetClasses/SteamVR_Input_ActionSet_platformer.cs
  artifactKey: Guid(cf59f9ffcd730dd4c8d7b601be0fc4a7) Importer(815301076,1909f56bfc062723c751e8b465ee728b)
Start importing Assets/SteamVR_Input/ActionSetClasses/SteamVR_Input_ActionSet_platformer.cs using Guid(cf59f9ffcd730dd4c8d7b601be0fc4a7) Importer(815301076,1909f56bfc062723c751e8b465ee728b)  -> (artifact id: 'e36d76f009fdb5c9721481163883399d') in 0.002886 seconds 
========================================================================
Received Prepare
Registering precompiled user dll's ...
Registered in 0.011979 seconds.
Begin MonoManager ReloadAssembly
Symbol file LoadedFromMemory doesn't match image C:\Users\mtexel13\Documents\GitHub\RollBallGame\Library\PackageCache\com.unity.visualscripting@1.7.8\Editor\VisualScripting.Core\Dependencies\YamlDotNet\Unity.VisualScripting.YamlDotNet.dll
Symbol file LoadedFromMemory doesn't match image C:\Users\mtexel13\Documents\GitHub\RollBallGame\Library\PackageCache\com.unity.visualscripting@1.7.8\Editor\VisualScripting.Core\Dependencies\DotNetZip\Unity.VisualScripting.IonicZip.dll
Native extension for WindowsStandalone target not found
Refreshing native plugins compatible for Editor in 0.85 ms, found 6 plugins.
Preloading 0 native plugins for Editor in 0.00 ms.
Mono: successfully reloaded assembly
- Completed reload, in  1.145 seconds
Domain Reload Profiling:
	ReloadAssembly (1145ms)
		BeginReloadAssembly (147ms)
			ExecutionOrderSort (0ms)
			DisableScriptedObjects (4ms)
			BackupInstance (0ms)
			ReleaseScriptingObjects (0ms)
			CreateAndSetChildDomain (44ms)
		EndReloadAssembly (897ms)
			LoadAssemblies (99ms)
			RebuildTransferFunctionScriptingTraits (0ms)
			SetupTypeCache (275ms)
			ReleaseScriptCaches (1ms)
			RebuildScriptCaches (38ms)
			SetupLoadedEditorAssemblies (432ms)
				LogAssemblyErrors (0ms)
				InitializePlatformSupportModulesInManaged (13ms)
				SetLoadedEditorAssemblies (0ms)
				RefreshPlugins (1ms)
				BeforeProcessingInitializeOnLoad (86ms)
				ProcessInitializeOnLoadAttributes (293ms)
				ProcessInitializeOnLoadMethodAttributes (26ms)
				AfterProcessingInitializeOnLoad (12ms)
				EditorAssembliesLoaded (0ms)
			ExecutionOrderSort2 (0ms)
			AwakeInstancesAfterBackupRestoration (14ms)
Platform modules already initialized, skipping
Refreshing native plugins compatible for Editor in 2.99 ms, found 6 plugins.
Preloading 0 native plugins for Editor in 0.00 ms.
Unloading 4019 Unused Serialized files (Serialized files now loaded: 0)
Unloading 23 unused Assets / (79.1 KB). Loaded Objects now: 4506.
Memory consumption went from 142.5 MB to 142.5 MB.
Total: 3.605200 ms (FindLiveObjects: 0.350800 ms CreateObjectMapping: 0.181600 ms MarkObjects: 2.985900 ms  DeleteObjects: 0.086000 ms)

AssetImportParameters requested are different than current active one (requested -> active):
  colorSpace: 1 -> 0
  custom:video-decoder-ogg-theora: a1e56fd34408186e4bbccfd4996cb3dc -> 
  custom:container-muxer-webm: aa71ff27fc2769a1b78a27578f13a17b -> 
  custom:container-demuxer-webm: 4f35f7cbe854078d1ac9338744f61a02 -> 
  custom:video-encoder-webm-vp8: eb34c28f22e8b96e1ab97ce403110664 -> 
  custom:audio-encoder-webm-vorbis: bf7c407c2cedff20999df2af8eb42d56 -> 
  custom:framework-win-MediaFoundation: 216162199b28c13a410421893ffa2e32 -> 
  custom:container-demuxer-ogg: 62fdf1f143b41e24485cea50d1cbac27 -> 
  custom:video-decoder-webm-vp8: 9c59270c3fd7afecdb556c50c9e8de78 -> 
  custom:graphics/active-color-space: 03000000000000000000000000000000 -> 02000000000000000000000000000000
  custom:audio-decoder-ogg-vorbis: bf7c407c2cedff20999df2af8eb42d56 -> 
========================================================================
Received Import Request.
  Time since last request: 190.185428 seconds.
  path: Assets/SteamVR
  artifactKey: Guid(f6650038f6f64f6499932328b0fede68) Importer(815301076,1909f56bfc062723c751e8b465ee728b)
Start importing Assets/SteamVR using Guid(f6650038f6f64f6499932328b0fede68) Importer(815301076,1909f56bfc062723c751e8b465ee728b)  -> (artifact id: '43d903b975ad03506d17fba6b34572b2') in 0.010159 seconds 
========================================================================
Received Import Request.
  Time since last request: 0.029822 seconds.
  path: Assets/SteamVR/SteamVR.asmdef
  artifactKey: Guid(1fbf338ef6b952a448262a7ff7df5fe4) Importer(815301076,1909f56bfc062723c751e8b465ee728b)
Start importing Assets/SteamVR/SteamVR.asmdef using Guid(1fbf338ef6b952a448262a7ff7df5fe4) Importer(815301076,1909f56bfc062723c751e8b465ee728b)  -> (artifact id: 'dd02b0593efdb8a911760b2faac2ae92') in 0.002653 seconds 
========================================================================
Received Import Request.
  Time since last request: 2.975324 seconds.
  path: Assets/SteamVR/Prefabs
  artifactKey: Guid(3e2543c4beea3eb4e9ea1e02a4bc2df2) Importer(815301076,1909f56bfc062723c751e8b465ee728b)
Start importing Assets/SteamVR/Prefabs using Guid(3e2543c4beea3eb4e9ea1e02a4bc2df2) Importer(815301076,1909f56bfc062723c751e8b465ee728b)  -> (artifact id: 'd1a228ab13a48193f0a7e72f39b32d03') in 0.002739 seconds 
========================================================================
Received Import Request.
  Time since last request: 0.033192 seconds.
  path: Assets/SteamVR/Prefabs/[CameraRig].prefab
  artifactKey: Guid(4d293c8e162f3874b982baadd71153d2) Importer(815301076,1909f56bfc062723c751e8b465ee728b)
Start importing Assets/SteamVR/Prefabs/[CameraRig].prefab using Guid(4d293c8e162f3874b982baadd71153d2) Importer(815301076,1909f56bfc062723c751e8b465ee728b)  -> (artifact id: 'a90b1dc6925a89a0b5b18c095b47191e') in 0.049092 seconds 
========================================================================
Received Import Request.
  Time since last request: 0.007275 seconds.
  path: Assets/SteamVR/Prefabs/vr_glove_right.prefab
  artifactKey: Guid(5dc81ef5cae96304586abbc6e4b5beb8) Importer(815301076,1909f56bfc062723c751e8b465ee728b)
Start importing Assets/SteamVR/Prefabs/vr_glove_right.prefab using Guid(5dc81ef5cae96304586abbc6e4b5beb8) Importer(815301076,1909f56bfc062723c751e8b465ee728b)  -> (artifact id: '969a3c9cfdcbbfead526cda6b1739504') in 0.291473 seconds 
========================================================================
Received Import Request.
  Time since last request: 0.000028 seconds.
  path: Assets/SteamVR/Prefabs/vr_hand_floppy_left.prefab
  artifactKey: Guid(85d52d9937d11064295294895b28d068) Importer(815301076,1909f56bfc062723c751e8b465ee728b)
Start importing Assets/SteamVR/Prefabs/vr_hand_floppy_left.prefab using Guid(85d52d9937d11064295294895b28d068) Importer(815301076,1909f56bfc062723c751e8b465ee728b)  -> (artifact id: 'cd7abc1bbfceaf9b9957c3ea23dd2049') in 0.045555 seconds 
========================================================================
Received Import Request.
  Time since last request: 0.000035 seconds.
  path: Assets/SteamVR/Prefabs/vr_hand_floppy_right.prefab
  artifactKey: Guid(48a64ca49a112494fa864087de12b75c) Importer(815301076,1909f56bfc062723c751e8b465ee728b)
Start importing Assets/SteamVR/Prefabs/vr_hand_floppy_right.prefab using Guid(48a64ca49a112494fa864087de12b75c) Importer(815301076,1909f56bfc062723c751e8b465ee728b)  -> (artifact id: '04d531843b07dcf6b9456e108e2fd6c9') in 0.020796 seconds 
========================================================================
Received Import Request.
  Time since last request: 0.000022 seconds.
  path: Assets/SteamVR/Prefabs/vr_hand_alien_right.prefab
  artifactKey: Guid(a2330dd3e2bcb44428f727270af1d625) Importer(815301076,1909f56bfc062723c751e8b465ee728b)
Start importing Assets/SteamVR/Prefabs/vr_hand_alien_right.prefab using Guid(a2330dd3e2bcb44428f727270af1d625) Importer(815301076,1909f56bfc062723c751e8b465ee728b)  -> (artifact id: 'd8b9cf3b9ffc3d1db0c6ede23bf7b795') in 0.224267 seconds 
========================================================================
Received Import Request.
  Time since last request: 0.000024 seconds.
  path: Assets/SteamVR/Prefabs/controller.prefab
  artifactKey: Guid(e789c2cc0c98a4c4198a4033fb8ccf96) Importer(815301076,1909f56bfc062723c751e8b465ee728b)
Start importing Assets/SteamVR/Prefabs/controller.prefab using Guid(e789c2cc0c98a4c4198a4033fb8ccf96) Importer(815301076,1909f56bfc062723c751e8b465ee728b)  -> (artifact id: '47ccf1de9de1c9651f8129e844aab921') in 0.006375 seconds 
Editor requested this worker to shutdown with reason: Scaling down because of idle timeout
AssetImportWorker is now disconnected from the server
Process exiting
Exiting without the bug reporter. Application will terminate with return code 0